<?xml version="1.0" encoding="UTF-8"?>
<testng-results ignored="0" total="1" passed="1" failed="0" skipped="0">
  <reporter-output>
  </reporter-output>
  <suite started-at="2024-06-12T15:20:27 IST" name="Default suite" finished-at="2024-06-12T15:20:33 IST" duration-ms="5818">
    <groups>
    </groups>
    <test started-at="2024-06-12T15:20:27 IST" name="Default test" finished-at="2024-06-12T15:20:33 IST" duration-ms="5818">
      <class name="Test.Blazetest">
        <test-method is-config="true" signature="set()[pri:0, instance:Test.Blazetest@6302bbb1]" started-at="2024-06-12T15:20:27 IST" name="set" finished-at="2024-06-12T15:20:28 IST" duration-ms="1393" status="PASS">
          <reporter-output>
          </reporter-output>
        </test-method> <!-- set -->
        <test-method is-config="true" signature="url()[pri:0, instance:Test.Blazetest@6302bbb1]" started-at="2024-06-12T15:20:28 IST" name="url" finished-at="2024-06-12T15:20:29 IST" duration-ms="618" status="PASS">
          <reporter-output>
          </reporter-output>
        </test-method> <!-- url -->
        <test-method signature="test()[pri:0, instance:Test.Blazetest@6302bbb1]" started-at="2024-06-12T15:20:29 IST" name="test" finished-at="2024-06-12T15:20:33 IST" duration-ms="3772" status="PASS">
          <reporter-output>
          </reporter-output>
        </test-method> <!-- test -->
      </class> <!-- Test.Blazetest -->
    </test> <!-- Default test -->
  </suite> <!-- Default suite -->
</testng-results>
